[debug] ----------------------------------------------------------------------
[debug] Command:      /usr/local/bin/node /usr/local/bin/firebase deploy
[debug] CLI Version:  3.3.0
[debug] Platform:     darwin
[debug] Node Version: v7.9.0
[debug] Time:         Sat May 13 2017 18:56:54 GMT+0700 (ICT)
[debug] ----------------------------------------------------------------------
[debug] 
[debug] > command requires scopes: ["email","openid","https://www.googleapis.com/auth/cloudplatformprojects.readonly","https://www.googleapis.com/auth/firebase"]
[debug] > refreshing access token with scopes: ["email","https://www.googleapis.com/auth/cloudplatformprojects.readonly","https://www.googleapis.com/auth/firebase","openid"]
[debug] >>> HTTP REQUEST POST https://www.googleapis.com/oauth2/v3/token { refresh_token: '1/d4S7lFC2gMhh7UWxP0ury2wl204rE12jGiinxvNQvhQ',
  client_id: '563584335869-fgrhgmd47bqnekij5i8b5pr03ho849e6.apps.googleusercontent.com',
  client_secret: 'j9iVZfS8kkCEFUPaAeJV0sAi',
  grant_type: 'refresh_token',
  scope: 'email https://www.googleapis.com/auth/cloudplatformprojects.readonly https://www.googleapis.com/auth/firebase openid' } 
 Sat May 13 2017 18:56:54 GMT+0700 (ICT)
[debug] <<< HTTP RESPONSE 200
[debug] >>> HTTP REQUEST GET https://admin.firebase.com/v1/projects/pwa-online-hackathon  
 Sat May 13 2017 18:56:55 GMT+0700 (ICT)
[debug] <<< HTTP RESPONSE 200
[debug] >>> HTTP REQUEST GET https://admin.firebase.com/v1/database/pwa-online-hackathon/tokens  
 Sat May 13 2017 18:56:56 GMT+0700 (ICT)
[debug] <<< HTTP RESPONSE 200
[info] 
[info] === Deploying to 'pwa-online-hackathon'...
[info] 
[info] i  deploying database, hosting
[info] ✔  database: rules ready to deploy.
[info] i  hosting: preparing build directory for upload...
[debug] >>> HTTP REQUEST PUT https://deploy.firebase.com/v1/hosting/pwa-online-hackathon/uploads/-Kk0eo3Uyb3auSDYxdYl?fileCount=26&message=  
 Sat May 13 2017 18:57:00 GMT+0700 (ICT)
[debug] <<< HTTP RESPONSE 200
[info] ✔  hosting: build folder uploaded successfully
